<?xml version="1.0" encoding="UTF-8"?>
<testsuite name="DemoTest" tests="50" skipped="0" failures="0" errors="0" timestamp="2022-07-11T21:13:38" hostname="DESKTOP-1UEIVHM" time="0.025">
  <properties/>
  <testcase name="test_main_1" classname="DemoTest" time="0.012"/>
  <testcase name="test_main_2" classname="DemoTest" time="0.001"/>
  <testcase name="test_main_3" classname="DemoTest" time="0.001"/>
  <testcase name="test_main_4" classname="DemoTest" time="0.001"/>
  <testcase name="test_is_triangle_10" classname="DemoTest" time="0.0"/>
  <testcase name="test_is_triangle_11" classname="DemoTest" time="0.0"/>
  <testcase name="test_is_triangle_12" classname="DemoTest" time="0.0"/>
  <testcase name="test_is_triangle_13" classname="DemoTest" time="0.0"/>
  <testcase name="test_is_triangle_14" classname="DemoTest" time="0.0"/>
  <testcase name="test_is_triangle_15" classname="DemoTest" time="0.0"/>
  <testcase name="test_is_triangle_16" classname="DemoTest" time="0.0"/>
  <testcase name="test_is_triangle_17" classname="DemoTest" time="0.0"/>
  <testcase name="test_is_triangle_18" classname="DemoTest" time="0.0"/>
  <testcase name="test_is_triangle_19" classname="DemoTest" time="0.0"/>
  <testcase name="test_is_triangle_20" classname="DemoTest" time="0.0"/>
  <testcase name="test_is_triangle_21" classname="DemoTest" time="0.0"/>
  <testcase name="test_is_triangle_22" classname="DemoTest" time="0.0"/>
  <testcase name="test_is_triangle_23" classname="DemoTest" time="0.0"/>
  <testcase name="test_is_triangle_24" classname="DemoTest" time="0.0"/>
  <testcase name="test_is_triangle_25" classname="DemoTest" time="0.0"/>
  <testcase name="test_is_triangle_26" classname="DemoTest" time="0.0"/>
  <testcase name="test_is_NOT_triangle_1" classname="DemoTest" time="0.0"/>
  <testcase name="test_is_NOT_triangle_2" classname="DemoTest" time="0.0"/>
  <testcase name="test_is_NOT_triangle_3" classname="DemoTest" time="0.0"/>
  <testcase name="test_is_NOT_triangle_4" classname="DemoTest" time="0.0"/>
  <testcase name="test_is_NOT_triangle_5" classname="DemoTest" time="0.0"/>
  <testcase name="test_is_NOT_triangle_6" classname="DemoTest" time="0.0"/>
  <testcase name="test_is_NOT_triangle_7" classname="DemoTest" time="0.0"/>
  <testcase name="test_is_NOT_triangle_8" classname="DemoTest" time="0.001"/>
  <testcase name="test_is_NOT_triangle_9" classname="DemoTest" time="0.0"/>
  <testcase name="test_is_NOT_triangle_10" classname="DemoTest" time="0.0"/>
  <testcase name="test_is_NOT_triangle_11" classname="DemoTest" time="0.0"/>
  <testcase name="test_is_NOT_triangle_12" classname="DemoTest" time="0.0"/>
  <testcase name="test_is_NOT_triangle_13" classname="DemoTest" time="0.0"/>
  <testcase name="test_is_NOT_triangle_14" classname="DemoTest" time="0.0"/>
  <testcase name="test_is_NOT_triangle_15" classname="DemoTest" time="0.0"/>
  <testcase name="test_is_NOT_triangle_16" classname="DemoTest" time="0.001"/>
  <testcase name="test_is_NOT_triangle_17" classname="DemoTest" time="0.0"/>
  <testcase name="test_is_NOT_triangle_18" classname="DemoTest" time="0.0"/>
  <testcase name="test_is_NOT_triangle_19" classname="DemoTest" time="0.0"/>
  <testcase name="test_is_NOT_triangle_20" classname="DemoTest" time="0.0"/>
  <testcase name="test_is_triangle_1" classname="DemoTest" time="0.001"/>
  <testcase name="test_is_triangle_2" classname="DemoTest" time="0.0"/>
  <testcase name="test_is_triangle_3" classname="DemoTest" time="0.0"/>
  <testcase name="test_is_triangle_4" classname="DemoTest" time="0.0"/>
  <testcase name="test_is_triangle_5" classname="DemoTest" time="0.0"/>
  <testcase name="test_is_triangle_6" classname="DemoTest" time="0.0"/>
  <testcase name="test_is_triangle_7" classname="DemoTest" time="0.0"/>
  <testcase name="test_is_triangle_8" classname="DemoTest" time="0.0"/>
  <testcase name="test_is_triangle_9" classname="DemoTest" time="0.0"/>
  <system-out><![CDATA[]]></system-out>
  <system-err><![CDATA[]]></system-err>
</testsuite>
